undefined
{ limit: 10, page: '0' }
Listening on port 3000
Listening on port 3000
undefined
{ limit: 10, page: '0', user_email: 'hola2' }
Listening on port 3000
undefined
{ limit: 10, page: '0', user_email: 'hola2' }
Listening on port 3000
undefined
{ limit: 10, page: '0', user_email: 'hola2' }
Listening on port 3000
undefined
{ limit: 10, page: '0', user_email: 'hola2' }
Listening on port 3000
undefined
{ limit: 10, page: '0', user_email: 'hola2' }
DatabaseError [SequelizeDatabaseError]: column "hola2" does not exist
    at Query.formatError (/Users/juandevelop/Documents/Developer/Prueba_Vecindario/vecipost/node_modules/sequelize/lib/dialects/postgres/query.js:386:16)
    at Query.run (/Users/juandevelop/Documents/Developer/Prueba_Vecindario/vecipost/node_modules/sequelize/lib/dialects/postgres/query.js:87:18)
    at processTicksAndRejections (internal/process/task_queues.js:93:5)
    at async /Users/juandevelop/Documents/Developer/Prueba_Vecindario/vecipost/node_modules/sequelize/lib/sequelize.js:619:16
    at async PostgresQueryInterface.select (/Users/juandevelop/Documents/Developer/Prueba_Vecindario/vecipost/node_modules/sequelize/lib/dialects/abstract/query-interface.js:953:12)
    at async Function.findAll (/Users/juandevelop/Documents/Developer/Prueba_Vecindario/vecipost/node_modules/sequelize/lib/model.js:1753:21) {
  parent: error: column "hola2" does not exist
      at Parser.parseErrorMessage (/Users/juandevelop/Documents/Developer/Prueba_Vecindario/vecipost/node_modules/pg-protocol/dist/parser.js:287:98)
      at Parser.handlePacket (/Users/juandevelop/Documents/Developer/Prueba_Vecindario/vecipost/node_modules/pg-protocol/dist/parser.js:126:29)
      at Parser.parse (/Users/juandevelop/Documents/Developer/Prueba_Vecindario/vecipost/node_modules/pg-protocol/dist/parser.js:39:38)
      at Socket.<anonymous> (/Users/juandevelop/Documents/Developer/Prueba_Vecindario/vecipost/node_modules/pg-protocol/dist/index.js:11:42)
      at Socket.emit (events.js:315:20)
      at addChunk (internal/streams/readable.js:309:12)
      at readableAddChunk (internal/streams/readable.js:284:9)
      at Socket.Readable.push (internal/streams/readable.js:223:10)
      at TCP.onStreamRead (internal/stream_base_commons.js:188:23) {
    length: 107,
    severity: 'ERROR',
    code: '42703',
    detail: undefined,
    hint: undefined,
    position: '1289',
    internalPosition: undefined,
    internalQuery: undefined,
    where: undefined,
    schema: undefined,
    table: undefined,
    column: undefined,
    dataType: undefined,
    constraint: undefined,
    file: 'parse_relation.c',
    line: '3359',
    routine: 'errorMissingColumn',
    sql: 'SELECT "posts".*, "posts_comments"."id" AS "posts_comments.id", "posts_comments"."post_id" AS "posts_comments.post_id", "posts_comments"."name" AS "posts_comments.name", "posts_comments"."content" AS "posts_comments.content", "posts_comments"."user_email" AS "posts_comments.user_email", "posts_comments"."created_at" AS "posts_comments.created_at", "posts_comments"."updated_at" AS "posts_comments.updated_at", "posts_comments"."post_id" AS "posts_comments.postId" FROM (SELECT "posts"."id", "posts"."name", "posts"."content", "posts"."likes", "posts"."dislikes", "posts"."user_email", "posts"."created_at", "posts"."updated_at", (\n' +
      '                SELECT COUNT(*)\n' +
      '                FROM posts_events AS posts_events\n' +
      '                WHERE posts_events.post_id = posts.id\n' +
      '                AND posts_events.like = 1\n' +
      '            ) AS "like_count", (\n' +
      '                SELECT COUNT(*)\n' +
      '                FROM posts_events AS posts_events\n' +
      '                WHERE posts_events.post_id = posts.id\n' +
      '                AND posts_events.dislike = 1\n' +
      '            ) AS "dislike_count", (\n' +
      '                SELECT COUNT(*)\n' +
      '                FROM posts_events AS posts_events\n' +
      '                WHERE posts_events.post_id = posts.id\n' +
      '                AND posts_events.dislike = 1\n' +
      '                AND posts_events.user_email = hola2\n' +
      '            ) AS "u_like_count" FROM "posts" AS "posts" ORDER BY "posts"."created_at" DESC LIMIT 10 OFFSET 0) AS "posts" LEFT OUTER JOIN "posts_comments" AS "posts_comments" ON "posts"."id" = "posts_comments"."post_id" ORDER BY "posts"."created_at" DESC;',
    parameters: undefined
  },
  original: error: column "hola2" does not exist
      at Parser.parseErrorMessage (/Users/juandevelop/Documents/Developer/Prueba_Vecindario/vecipost/node_modules/pg-protocol/dist/parser.js:287:98)
      at Parser.handlePacket (/Users/juandevelop/Documents/Developer/Prueba_Vecindario/vecipost/node_modules/pg-protocol/dist/parser.js:126:29)
      at Parser.parse (/Users/juandevelop/Documents/Developer/Prueba_Vecindario/vecipost/node_modules/pg-protocol/dist/parser.js:39:38)
      at Socket.<anonymous> (/Users/juandevelop/Documents/Developer/Prueba_Vecindario/vecipost/node_modules/pg-protocol/dist/index.js:11:42)
      at Socket.emit (events.js:315:20)
      at addChunk (internal/streams/readable.js:309:12)
      at readableAddChunk (internal/streams/readable.js:284:9)
      at Socket.Readable.push (internal/streams/readable.js:223:10)
      at TCP.onStreamRead (internal/stream_base_commons.js:188:23) {
    length: 107,
    severity: 'ERROR',
    code: '42703',
    detail: undefined,
    hint: undefined,
    position: '1289',
    internalPosition: undefined,
    internalQuery: undefined,
    where: undefined,
    schema: undefined,
    table: undefined,
    column: undefined,
    dataType: undefined,
    constraint: undefined,
    file: 'parse_relation.c',
    line: '3359',
    routine: 'errorMissingColumn',
    sql: 'SELECT "posts".*, "posts_comments"."id" AS "posts_comments.id", "posts_comments"."post_id" AS "posts_comments.post_id", "posts_comments"."name" AS "posts_comments.name", "posts_comments"."content" AS "posts_comments.content", "posts_comments"."user_email" AS "posts_comments.user_email", "posts_comments"."created_at" AS "posts_comments.created_at", "posts_comments"."updated_at" AS "posts_comments.updated_at", "posts_comments"."post_id" AS "posts_comments.postId" FROM (SELECT "posts"."id", "posts"."name", "posts"."content", "posts"."likes", "posts"."dislikes", "posts"."user_email", "posts"."created_at", "posts"."updated_at", (\n' +
      '                SELECT COUNT(*)\n' +
      '                FROM posts_events AS posts_events\n' +
      '                WHERE posts_events.post_id = posts.id\n' +
      '                AND posts_events.like = 1\n' +
      '            ) AS "like_count", (\n' +
      '                SELECT COUNT(*)\n' +
      '                FROM posts_events AS posts_events\n' +
      '                WHERE posts_events.post_id = posts.id\n' +
      '                AND posts_events.dislike = 1\n' +
      '            ) AS "dislike_count", (\n' +
      '                SELECT COUNT(*)\n' +
      '                FROM posts_events AS posts_events\n' +
      '                WHERE posts_events.post_id = posts.id\n' +
      '                AND posts_events.dislike = 1\n' +
      '                AND posts_events.user_email = hola2\n' +
      '            ) AS "u_like_count" FROM "posts" AS "posts" ORDER BY "posts"."created_at" DESC LIMIT 10 OFFSET 0) AS "posts" LEFT OUTER JOIN "posts_comments" AS "posts_comments" ON "posts"."id" = "posts_comments"."post_id" ORDER BY "posts"."created_at" DESC;',
    parameters: undefined
  },
  sql: 'SELECT "posts".*, "posts_comments"."id" AS "posts_comments.id", "posts_comments"."post_id" AS "posts_comments.post_id", "posts_comments"."name" AS "posts_comments.name", "posts_comments"."content" AS "posts_comments.content", "posts_comments"."user_email" AS "posts_comments.user_email", "posts_comments"."created_at" AS "posts_comments.created_at", "posts_comments"."updated_at" AS "posts_comments.updated_at", "posts_comments"."post_id" AS "posts_comments.postId" FROM (SELECT "posts"."id", "posts"."name", "posts"."content", "posts"."likes", "posts"."dislikes", "posts"."user_email", "posts"."created_at", "posts"."updated_at", (\n' +
    '                SELECT COUNT(*)\n' +
    '                FROM posts_events AS posts_events\n' +
    '                WHERE posts_events.post_id = posts.id\n' +
    '                AND posts_events.like = 1\n' +
    '            ) AS "like_count", (\n' +
    '                SELECT COUNT(*)\n' +
    '                FROM posts_events AS posts_events\n' +
    '                WHERE posts_events.post_id = posts.id\n' +
    '                AND posts_events.dislike = 1\n' +
    '            ) AS "dislike_count", (\n' +
    '                SELECT COUNT(*)\n' +
    '                FROM posts_events AS posts_events\n' +
    '                WHERE posts_events.post_id = posts.id\n' +
    '                AND posts_events.dislike = 1\n' +
    '                AND posts_events.user_email = hola2\n' +
    '            ) AS "u_like_count" FROM "posts" AS "posts" ORDER BY "posts"."created_at" DESC LIMIT 10 OFFSET 0) AS "posts" LEFT OUTER JOIN "posts_comments" AS "posts_comments" ON "posts"."id" = "posts_comments"."post_id" ORDER BY "posts"."created_at" DESC;',
  parameters: undefined
}
DatabaseError [SequelizeDatabaseError]: column "hola2" does not exist
    at Query.formatError (/Users/juandevelop/Documents/Developer/Prueba_Vecindario/vecipost/node_modules/sequelize/lib/dialects/postgres/query.js:386:16)
    at Query.run (/Users/juandevelop/Documents/Developer/Prueba_Vecindario/vecipost/node_modules/sequelize/lib/dialects/postgres/query.js:87:18)
    at processTicksAndRejections (internal/process/task_queues.js:93:5)
    at async /Users/juandevelop/Documents/Developer/Prueba_Vecindario/vecipost/node_modules/sequelize/lib/sequelize.js:619:16
    at async PostgresQueryInterface.select (/Users/juandevelop/Documents/Developer/Prueba_Vecindario/vecipost/node_modules/sequelize/lib/dialects/abstract/query-interface.js:953:12)
    at async Function.findAll (/Users/juandevelop/Documents/Developer/Prueba_Vecindario/vecipost/node_modules/sequelize/lib/model.js:1753:21) {
  parent: error: column "hola2" does not exist
      at Parser.parseErrorMessage (/Users/juandevelop/Documents/Developer/Prueba_Vecindario/vecipost/node_modules/pg-protocol/dist/parser.js:287:98)
      at Parser.handlePacket (/Users/juandevelop/Documents/Developer/Prueba_Vecindario/vecipost/node_modules/pg-protocol/dist/parser.js:126:29)
      at Parser.parse (/Users/juandevelop/Documents/Developer/Prueba_Vecindario/vecipost/node_modules/pg-protocol/dist/parser.js:39:38)
      at Socket.<anonymous> (/Users/juandevelop/Documents/Developer/Prueba_Vecindario/vecipost/node_modules/pg-protocol/dist/index.js:11:42)
      at Socket.emit (events.js:315:20)
      at addChunk (internal/streams/readable.js:309:12)
      at readableAddChunk (internal/streams/readable.js:284:9)
      at Socket.Readable.push (internal/streams/readable.js:223:10)
      at TCP.onStreamRead (internal/stream_base_commons.js:188:23) {
    length: 107,
    severity: 'ERROR',
    code: '42703',
    detail: undefined,
    hint: undefined,
    position: '1289',
    internalPosition: undefined,
    internalQuery: undefined,
    where: undefined,
    schema: undefined,
    table: undefined,
    column: undefined,
    dataType: undefined,
    constraint: undefined,
    file: 'parse_relation.c',
    line: '3359',
    routine: 'errorMissingColumn',
    sql: 'SELECT "posts".*, "posts_comments"."id" AS "posts_comments.id", "posts_comments"."post_id" AS "posts_comments.post_id", "posts_comments"."name" AS "posts_comments.name", "posts_comments"."content" AS "posts_comments.content", "posts_comments"."user_email" AS "posts_comments.user_email", "posts_comments"."created_at" AS "posts_comments.created_at", "posts_comments"."updated_at" AS "posts_comments.updated_at", "posts_comments"."post_id" AS "posts_comments.postId" FROM (SELECT "posts"."id", "posts"."name", "posts"."content", "posts"."likes", "posts"."dislikes", "posts"."user_email", "posts"."created_at", "posts"."updated_at", (\n' +
      '                SELECT COUNT(*)\n' +
      '                FROM posts_events AS posts_events\n' +
      '                WHERE posts_events.post_id = posts.id\n' +
      '                AND posts_events.like = 1\n' +
      '            ) AS "like_count", (\n' +
      '                SELECT COUNT(*)\n' +
      '                FROM posts_events AS posts_events\n' +
      '                WHERE posts_events.post_id = posts.id\n' +
      '                AND posts_events.dislike = 1\n' +
      '            ) AS "dislike_count", (\n' +
      '                SELECT COUNT(*)\n' +
      '                FROM posts_events AS posts_events\n' +
      '                WHERE posts_events.post_id = posts.id\n' +
      '                AND posts_events.dislike = 1\n' +
      '                AND posts_events.user_email = hola2\n' +
      '            ) AS "u_like_count" FROM "posts" AS "posts" ORDER BY "posts"."created_at" DESC LIMIT 10 OFFSET 0) AS "posts" LEFT OUTER JOIN "posts_comments" AS "posts_comments" ON "posts"."id" = "posts_comments"."post_id" ORDER BY "posts"."created_at" DESC;',
    parameters: undefined
  },
  original: error: column "hola2" does not exist
      at Parser.parseErrorMessage (/Users/juandevelop/Documents/Developer/Prueba_Vecindario/vecipost/node_modules/pg-protocol/dist/parser.js:287:98)
      at Parser.handlePacket (/Users/juandevelop/Documents/Developer/Prueba_Vecindario/vecipost/node_modules/pg-protocol/dist/parser.js:126:29)
      at Parser.parse (/Users/juandevelop/Documents/Developer/Prueba_Vecindario/vecipost/node_modules/pg-protocol/dist/parser.js:39:38)
      at Socket.<anonymous> (/Users/juandevelop/Documents/Developer/Prueba_Vecindario/vecipost/node_modules/pg-protocol/dist/index.js:11:42)
      at Socket.emit (events.js:315:20)
      at addChunk (internal/streams/readable.js:309:12)
      at readableAddChunk (internal/streams/readable.js:284:9)
      at Socket.Readable.push (internal/streams/readable.js:223:10)
      at TCP.onStreamRead (internal/stream_base_commons.js:188:23) {
    length: 107,
    severity: 'ERROR',
    code: '42703',
    detail: undefined,
    hint: undefined,
    position: '1289',
    internalPosition: undefined,
    internalQuery: undefined,
    where: undefined,
    schema: undefined,
    table: undefined,
    column: undefined,
    dataType: undefined,
    constraint: undefined,
    file: 'parse_relation.c',
    line: '3359',
    routine: 'errorMissingColumn',
    sql: 'SELECT "posts".*, "posts_comments"."id" AS "posts_comments.id", "posts_comments"."post_id" AS "posts_comments.post_id", "posts_comments"."name" AS "posts_comments.name", "posts_comments"."content" AS "posts_comments.content", "posts_comments"."user_email" AS "posts_comments.user_email", "posts_comments"."created_at" AS "posts_comments.created_at", "posts_comments"."updated_at" AS "posts_comments.updated_at", "posts_comments"."post_id" AS "posts_comments.postId" FROM (SELECT "posts"."id", "posts"."name", "posts"."content", "posts"."likes", "posts"."dislikes", "posts"."user_email", "posts"."created_at", "posts"."updated_at", (\n' +
      '                SELECT COUNT(*)\n' +
      '                FROM posts_events AS posts_events\n' +
      '                WHERE posts_events.post_id = posts.id\n' +
      '                AND posts_events.like = 1\n' +
      '            ) AS "like_count", (\n' +
      '                SELECT COUNT(*)\n' +
      '                FROM posts_events AS posts_events\n' +
      '                WHERE posts_events.post_id = posts.id\n' +
      '                AND posts_events.dislike = 1\n' +
      '            ) AS "dislike_count", (\n' +
      '                SELECT COUNT(*)\n' +
      '                FROM posts_events AS posts_events\n' +
      '                WHERE posts_events.post_id = posts.id\n' +
      '                AND posts_events.dislike = 1\n' +
      '                AND posts_events.user_email = hola2\n' +
      '            ) AS "u_like_count" FROM "posts" AS "posts" ORDER BY "posts"."created_at" DESC LIMIT 10 OFFSET 0) AS "posts" LEFT OUTER JOIN "posts_comments" AS "posts_comments" ON "posts"."id" = "posts_comments"."post_id" ORDER BY "posts"."created_at" DESC;',
    parameters: undefined
  },
  sql: 'SELECT "posts".*, "posts_comments"."id" AS "posts_comments.id", "posts_comments"."post_id" AS "posts_comments.post_id", "posts_comments"."name" AS "posts_comments.name", "posts_comments"."content" AS "posts_comments.content", "posts_comments"."user_email" AS "posts_comments.user_email", "posts_comments"."created_at" AS "posts_comments.created_at", "posts_comments"."updated_at" AS "posts_comments.updated_at", "posts_comments"."post_id" AS "posts_comments.postId" FROM (SELECT "posts"."id", "posts"."name", "posts"."content", "posts"."likes", "posts"."dislikes", "posts"."user_email", "posts"."created_at", "posts"."updated_at", (\n' +
    '                SELECT COUNT(*)\n' +
    '                FROM posts_events AS posts_events\n' +
    '                WHERE posts_events.post_id = posts.id\n' +
    '                AND posts_events.like = 1\n' +
    '            ) AS "like_count", (\n' +
    '                SELECT COUNT(*)\n' +
    '                FROM posts_events AS posts_events\n' +
    '                WHERE posts_events.post_id = posts.id\n' +
    '                AND posts_events.dislike = 1\n' +
    '            ) AS "dislike_count", (\n' +
    '                SELECT COUNT(*)\n' +
    '                FROM posts_events AS posts_events\n' +
    '                WHERE posts_events.post_id = posts.id\n' +
    '                AND posts_events.dislike = 1\n' +
    '                AND posts_events.user_email = hola2\n' +
    '            ) AS "u_like_count" FROM "posts" AS "posts" ORDER BY "posts"."created_at" DESC LIMIT 10 OFFSET 0) AS "posts" LEFT OUTER JOIN "posts_comments" AS "posts_comments" ON "posts"."id" = "posts_comments"."post_id" ORDER BY "posts"."created_at" DESC;',
  parameters: undefined
}
Listening on port 3000
undefined
{ limit: 10, page: '0', user_email: 'hola2' }
Listening on port 3000
undefined
{ limit: 10, page: '0', user_email: 'juandevelop85@gmail.com' }
undefined
{ limit: 10, page: '0', user_email: 'juandevelop85@gmail.com' }
Listening on port 3000
undefined
{ limit: 10, page: '0', user_email: 'juandevelop85@gmail.com' }
Listening on port 3000
undefined
{ limit: 10, page: '0', user_email: 'juandevelop85@gmail.com' }
Listening on port 3000
undefined
{ limit: 10, page: '0', user_email: 'juandevelop85@gmail.com' }
Listening on port 3000
Listening on port 3000
Listening on port 3000
undefined
{ limit: 10, page: '0', user_email: 'juandevelop85@gmail.com' }
undefined
{ limit: 10, page: '0', user_email: 'juandevelop85@gmail.com' }
undefined
{ limit: 10, page: '0', user_email: 'juandevelop85@gmail.com' }
undefined
{ limit: 10, page: '0', user_email: 'juandevelop85@gmail.com' }
undefined
{ limit: 10, page: '0', user_email: 'juandevelop85@gmail.com' }
undefined
{ limit: 10, page: '0', user_email: 'juandevelop85@gmail.com' }
undefined
{ limit: 10, page: '0', user_email: 'juandevelop85@gmail.com' }
undefined
{ limit: 10, page: '0', user_email: 'juandevelop85@gmail.com' }
undefined
{ limit: 10, page: '0', user_email: 'juandevelop85@gmail.com' }
undefined
{ limit: 10, page: '0', user_email: 'juandevelop85@gmail.com' }
undefined
{ limit: 10, page: '0', user_email: 'juandevelop85@gmail.com' }
undefined
{ limit: 10, page: '0', user_email: 'juandevelop85@gmail.com' }
undefined
{ limit: 10, page: '0', user_email: 'juandevelop85@gmail.com' }
undefined
{ limit: 10, page: '0', user_email: 'juandevelop85@gmail.com' }
undefined
{ limit: 10, page: '0', user_email: 'juandevelop85@gmail.com' }
undefined
{ limit: 10, page: '0', user_email: 'juandevelop85@gmail.com' }
undefined
{ limit: 10, page: '0', user_email: 'juandevelop85@gmail.com' }
Listening on port 3000
Listening on port 3000
Listening on port 3000
undefined
{ post_id: 67, user_email: 'juandevelop85@gmail.com' }
undefined
{ post_id: 67, user_email: 'juandevelop85@gmail.com' }
Listening on port 3000
Listening on port 3000
Listening on port 3000
undefined
{ post_id: 67, user_email: 'juandevelop85@gmail.com' }
undefined
{ post_id: 67, user_email: 'juandevelop85@gmail.com' }
undefined
{ limit: 10, page: '0', user_email: 'juandevelop85@gmail.com' }
undefined
{ post_id: 68, user_email: 'juandevelop85@gmail.com' }
undefined
{ limit: 10, page: '0', user_email: 'juandevelop85@gmail.com' }
undefined
{ limit: 10, page: 1, user_email: 'juandevelop85@gmail.com' }
undefined
{ post_id: 67, user_email: 'juandevelop85@gmail.com' }
undefined
{ limit: 10, page: '0', user_email: 'juandevelop85@gmail.com' }
Listening on port 3000
undefined
{ limit: 10, page: '0', session_user_email: 'juandevelop85@gmail.com' }
undefined
{ limit: 10, page: 1, session_user_email: 'juandevelop85@gmail.com' }
undefined
{ limit: 10, page: '0', session_user_email: 'juandevelop85@gmail.com' }
undefined
{ post_id: 67, session_user_email: 'juandevelop85@gmail.com' }
undefined
{ limit: 10, page: '0', session_user_email: 'juandevelop85@gmail.com' }
undefined
{ limit: 10, page: 1, session_user_email: 'juandevelop85@gmail.com' }
Listening on port 3000
undefined
{ limit: 10, page: '0', session_user_email: undefined }
undefined
{ limit: 10, page: '0', session_user_email: undefined }
undefined
{ limit: 10, page: '0', session_user_email: 'juandevelop85@gmail.com' }
undefined
{ limit: 10, page: '0', session_user_email: 'juandevelop85@gmail.com' }
Listening on port 3000
Listening on port 3000
